\BOOKMARK [0][-]{chapter.1}{\376\377\000I\000n\000t\000r\000o\000d\000u\000c\000t\000i\000o\000n}{}% 1
\BOOKMARK [0][-]{chapter.2}{\376\377\000A\000i\000m}{}% 2
\BOOKMARK [0][-]{chapter.3}{\376\377\000B\000a\000c\000k\000g\000r\000o\000u\000n\000d\000\040\000R\000e\000s\000e\000a\000r\000c\000h}{}% 3
\BOOKMARK [1][-]{section.3.1}{\376\377\000T\000h\000e\000\040\000L\000a\000g\000r\000a\000n\000g\000i\000a\000n\000\040\000f\000u\000n\000c\000t\000i\000o\000n}{chapter.3}% 4
\BOOKMARK [1][-]{section.3.2}{\376\377\000G\000e\000n\000e\000r\000a\000l\000i\000z\000e\000d\000\040\000c\000o\000o\000r\000d\000i\000n\000a\000t\000e\000s}{chapter.3}% 5
\BOOKMARK [1][-]{section.3.3}{\376\377\000G\000e\000n\000e\000r\000a\000l\000i\000z\000e\000d\000\040\000f\000o\000r\000c\000e\000s}{chapter.3}% 6
\BOOKMARK [1][-]{section.3.4}{\376\377\000A\000i\000r\000\040\000D\000r\000a\000g\000/\000F\000l\000u\000i\000d\000\040\000R\000e\000s\000i\000s\000t\000a\000n\000c\000e}{chapter.3}% 7
\BOOKMARK [1][-]{section.3.5}{\376\377\000R\000a\000y\000l\000e\000i\000g\000h\000\040\000d\000i\000s\000s\000i\000p\000a\000t\000i\000o\000n\000\040\000f\000u\000n\000c\000t\000i\000o\000n}{chapter.3}% 8
\BOOKMARK [1][-]{section.3.6}{\376\377\000S\000t\000r\000o\000k\000e\000'\000s\000\040\000L\000a\000w}{chapter.3}% 9
\BOOKMARK [1][-]{section.3.7}{\376\377\000L\000o\000g\000a\000r\000i\000t\000h\000m\000i\000c\000\040\000D\000e\000c\000r\000e\000m\000e\000n\000t}{chapter.3}% 10
\BOOKMARK [1][-]{section.3.8}{\376\377\000C\000o\000m\000p\000u\000t\000e\000r\000\040\000S\000i\000m\000u\000l\000a\000t\000i\000o\000n\000\040\000S\000o\000f\000t\000w\000a\000r\000e}{chapter.3}% 11
\BOOKMARK [0][-]{chapter.4}{\376\377\000V\000a\000r\000i\000a\000b\000l\000e\000s}{}% 12
\BOOKMARK [0][-]{chapter.5}{\376\377\000I\000n\000i\000t\000i\000a\000l\000\040\000C\000o\000n\000d\000i\000t\000i\000o\000n\000s}{}% 13
\BOOKMARK [0][-]{chapter.6}{\376\377\000E\000q\000u\000a\000t\000i\000o\000n\000s}{}% 14
\BOOKMARK [1][-]{section.6.1}{\376\377\000E\000q\000u\000a\000t\000i\000o\000n\000s\000\040\000o\000f\000\040\000M\000o\000t\000i\000o\000n}{chapter.6}% 15
\BOOKMARK [1][-]{section.6.2}{\376\377\000D\000r\000a\000g\000\040\000E\000q\000u\000a\000t\000i\000o\000n}{chapter.6}% 16
\BOOKMARK [1][-]{section.6.3}{\376\377\000S\000t\000r\000o\000k\000e\000s\000'\000s\000\040\000L\000a\000w\000\040\000E\000q\000u\000a\000t\000i\000o\000n}{chapter.6}% 17
\BOOKMARK [1][-]{section.6.4}{\376\377\000F\000r\000e\000q\000u\000e\000n\000c\000y\000\040\000E\000q\000u\000a\000t\000i\000o\000n\000s}{chapter.6}% 18
\BOOKMARK [2][-]{subsection.6.4.1}{\376\377\000R\000a\000d\000i\000a\000l\000\040\000f\000r\000e\000q\000u\000e\000n\000c\000y}{section.6.4}% 19
\BOOKMARK [2][-]{subsection.6.4.2}{\376\377\000A\000n\000g\000u\000l\000a\000r\000\040\000f\000r\000e\000q\000u\000e\000n\000c\000y}{section.6.4}% 20
\BOOKMARK [2][-]{subsection.6.4.3}{\376\377\000A\000b\000s\000o\000l\000u\000t\000e\000\040\000f\000r\000e\000q\000u\000e\000n\000c\000y}{section.6.4}% 21
\BOOKMARK [1][-]{section.6.5}{\376\377\000F\000u\000n\000d\000a\000m\000e\000n\000t\000a\000l\000\040\000D\000e\000r\000i\000v\000e\000d\000\040\000E\000q\000u\000a\000t\000i\000o\000n\000s}{chapter.6}% 22
\BOOKMARK [0][-]{chapter.7}{\376\377\000O\000b\000s\000e\000r\000v\000a\000t\000i\000o\000n\000s}{}% 23
\BOOKMARK [1][-]{section.7.1}{\376\377\000O\000b\000s\000e\000r\000v\000a\000t\000i\000o\000n\000\040\000f\000r\000o\000m\000\040\000C\000a\000s\000e\000\040\0001\000\040\000w\000h\000e\000r\000e\000\040\000m\000\040\000=\000\040\0001\000\040\000k\000g}{chapter.7}% 24
\BOOKMARK [1][-]{section.7.2}{\376\377\000O\000b\000s\000e\000r\000v\000a\000t\000i\000o\000n\000\040\000f\000r\000o\000m\000\040\000C\000a\000s\000e\000\040\0002\000\040\000w\000h\000e\000r\000e\000\040\000m\000\040\000=\000\040\0002\000\040\000k\000g}{chapter.7}% 25
\BOOKMARK [1][-]{section.7.3}{\376\377\000O\000b\000s\000e\000r\000v\000a\000t\000i\000o\000n\000\040\000f\000r\000o\000m\000\040\000C\000a\000s\000e\000\040\0003\000\040\000w\000h\000e\000r\000e\000\040\000m\000\040\000=\000\040\0003\000\040\000k\000g}{chapter.7}% 26
\BOOKMARK [1][-]{section.7.4}{\376\377\000O\000b\000s\000e\000r\000v\000a\000t\000i\000o\000n\000\040\000f\000r\000o\000m\000\040\000C\000a\000s\000e\000\040\0004\000\040\000w\000h\000e\000r\000e\000\040\000m\000\040\000=\000\040\0004\000\040\000k\000g}{chapter.7}% 27
\BOOKMARK [1][-]{section.7.5}{\376\377\000O\000b\000s\000e\000r\000v\000a\000t\000i\000o\000n\000\040\000f\000r\000o\000m\000\040\000C\000a\000s\000e\000\040\0005\000\040\000w\000h\000e\000r\000e\000\040\000m\000\040\000=\000\040\0005\000\040\000k\000g}{chapter.7}% 28
\BOOKMARK [1][-]{section.7.6}{\376\377\000O\000b\000s\000e\000r\000v\000a\000t\000i\000o\000n\000\040\000f\000r\000o\000m\000\040\000C\000a\000s\000e\000\040\0006\000\040\000w\000h\000e\000r\000e\000\040\000m\000\040\000=\000\040\0006\000\040\000k\000g}{chapter.7}% 29
\BOOKMARK [1][-]{section.7.7}{\376\377\000O\000b\000s\000e\000r\000v\000a\000t\000i\000o\000n\000\040\000f\000r\000o\000m\000\040\000C\000a\000s\000e\000\040\0007\000\040\000w\000h\000e\000r\000e\000\040\000m\000\040\000=\000\040\0007\000\040\000k\000g}{chapter.7}% 30
\BOOKMARK [1][-]{section.7.8}{\376\377\000O\000b\000s\000e\000r\000v\000a\000t\000i\000o\000n\000\040\000f\000r\000o\000m\000\040\000C\000a\000s\000e\000\040\0008\000\040\000w\000h\000e\000r\000e\000\040\000m\000\040\000=\000\040\0008\000\040\000k\000g}{chapter.7}% 31
\BOOKMARK [1][-]{section.7.9}{\376\377\000O\000b\000s\000e\000r\000v\000a\000t\000i\000o\000n\000\040\000f\000r\000o\000m\000\040\000C\000a\000s\000e\000\040\0009\000\040\000w\000h\000e\000r\000e\000\040\000m\000\040\000=\000\040\0009\000\040\000k\000g}{chapter.7}% 32
\BOOKMARK [1][-]{section.7.10}{\376\377\000O\000b\000s\000e\000r\000v\000a\000t\000i\000o\000n\000\040\000f\000r\000o\000m\000\040\000C\000a\000s\000e\000\040\0001\0000\000\040\000w\000h\000e\000r\000e\000\040\000m\000\040\000=\000\040\0001\0000\000\040\000k\000g}{chapter.7}% 33
\BOOKMARK [0][-]{chapter.8}{\376\377\000A\000n\000a\000l\000y\000s\000i\000s}{}% 34
\BOOKMARK [1][-]{section.8.1}{\376\377\000G\000r\000a\000p\000h\000i\000c\000a\000l\000\040\000A\000n\000a\000l\000y\000s\000i\000s}{chapter.8}% 35
\BOOKMARK [2][-]{subsection.8.1.1}{\376\377\000G\000r\000a\000p\000h\000s\000\040\000i\000n\000\040\000r\000e\000l\000a\000t\000i\000o\000n\000\040\000t\000o\000\040\000t\000h\000e\000\040\000E\000x\000p\000e\000r\000i\000m\000e\000n\000t\000a\000l\000\040\000v\000a\000l\000u\000e\000s\000\040\000v\000e\000r\000s\000u\000s\000\040\000t\000i\000m\000e}{section.8.1}% 36
\BOOKMARK [2][-]{subsection.8.1.2}{\376\377\000G\000r\000a\000p\000h\000s\000\040\000i\000n\000\040\000r\000e\000l\000a\000t\000i\000o\000n\000\040\000t\000o\000\040\000t\000h\000e\000\040\000S\000i\000m\000u\000l\000a\000t\000i\000o\000n\000\040\000v\000a\000l\000u\000e\000s\000\040\000v\000e\000r\000s\000u\000s\000\040\000t\000i\000m\000e}{section.8.1}% 37
\BOOKMARK [1][-]{section.8.2}{\376\377\000N\000u\000m\000e\000r\000i\000c\000a\000l\000\040\000A\000n\000a\000l\000y\000s\000i\000s}{chapter.8}% 38
\BOOKMARK [2][-]{subsection.8.2.1}{\376\377\000R\000a\000d\000i\000a\000l\000\040\000D\000i\000s\000p\000l\000a\000c\000e\000m\000e\000n\000t\000\040\000v\000e\000r\000s\000u\000s\000\040\000T\000i\000m\000e}{section.8.2}% 39
\BOOKMARK [2][-]{subsection.8.2.2}{\376\377\000A\000n\000g\000u\000l\000a\000r\000\040\000D\000i\000s\000p\000l\000a\000c\000e\000m\000e\000n\000t\000\040\000v\000e\000r\000s\000u\000s\000\040\000T\000i\000m\000e}{section.8.2}% 40
\BOOKMARK [2][-]{subsection.8.2.3}{\376\377\000A\000n\000g\000u\000l\000a\000r\000\040\000F\000r\000e\000q\000u\000e\000n\000c\000y\000\040\000v\000e\000r\000s\000u\000s\000\040\000T\000i\000m\000e}{section.8.2}% 41
\BOOKMARK [2][-]{subsection.8.2.4}{\376\377\000A\000b\000s\000o\000l\000u\000t\000e\000\040\000F\000r\000e\000q\000u\000e\000n\000c\000y\000\040\000v\000e\000r\000s\000u\000s\000\040\000T\000i\000m\000e}{section.8.2}% 42
\BOOKMARK [0][-]{chapter.9}{\376\377\000E\000v\000a\000l\000u\000a\000t\000i\000o\000n}{}% 43
\BOOKMARK [0][-]{chapter.10}{\376\377\000L\000i\000m\000i\000t\000a\000t\000i\000o\000n\000s\000\040\000o\000f\000\040\000S\000t\000u\000d\000y}{}% 44
\BOOKMARK [0][-]{chapter.11}{\376\377\000S\000o\000u\000r\000c\000e\000s\000\040\000o\000f\000\040\000E\000r\000r\000o\000r}{}% 45
\BOOKMARK [0][-]{chapter.12}{\376\377\000C\000o\000n\000c\000l\000u\000s\000i\000o\000n}{}% 46
\BOOKMARK [0][-]{chapter.12}{\376\377\000B\000i\000b\000l\000i\000o\000g\000r\000a\000p\000h\000y}{}% 47
