This is pdfTeX, Version 3.141592653-2.6-1.40.23 (MiKTeX 21.8) (preloaded format=pdflatex 2021.8.23)  1 NOV 2021 09:10
entering extended mode
**"./Representation of the transforms and series.tex"
(Representation of the transforms and series.tex
LaTeX2e <2021-06-01> patch level 1
L3 programming layer <2021-07-12>
(Graphical representation of the transforms and series.tex

! LaTeX Error: Missing \begin{document}.

See the LaTeX manual or LaTeX Companion for explanation.
Type  H <return>  for immediate help.
 ...                                              
                                                  
l.3 ...tial component and a sinusoidal component.}
                                                  
You're in trouble here.  Try typing  <return>  to proceed.
If that doesn't work, type  X <return>  to quit.

LaTeX Font Info:    External font `cmex10' loaded for size
(Font)              <7> on input line 3.
LaTeX Font Info:    External font `cmex10' loaded for size
(Font)              <5> on input line 3.

Overfull \hbox (31.49992pt too wide) in paragraph at lines 3--4
[]\OT1/cmr/m/it/10 To
 []


Overfull \hbox (11.24435pt too wide) in paragraph at lines 3--4
\OT1/cmr/m/it/10 ef-
 []


Overfull \hbox (15.33319pt too wide) in paragraph at lines 3--4
\OT1/cmr/m/it/10 fec-
 []


Overfull \hbox (22.99982pt too wide) in paragraph at lines 3--4
\OT1/cmr/m/it/10 tively
 []


Overfull \hbox (32.1998pt too wide) in paragraph at lines 3--4
\OT1/cmr/m/it/10 demon-
 []


Overfull \hbox (24.1498pt too wide) in paragraph at lines 3--4
\OT1/cmr/m/it/10 strate
 []


Overfull \hbox (11.24435pt too wide) in paragraph at lines 3--4
\OT1/cmr/m/it/10 vi-
 []


Overfull \hbox (13.03325pt too wide) in paragraph at lines 3--4
\OT1/cmr/m/it/10 su-
 []


Overfull \hbox (18.65544pt too wide) in paragraph at lines 3--4
\OT1/cmr/m/it/10 ally,
 []


Overfull \hbox (10.73328pt too wide) in paragraph at lines 3--4
\OT1/cmr/m/it/10 on
 []


Overfull \hbox (20.18877pt too wide) in paragraph at lines 3--4
\OT1/cmr/m/it/10 what
 []


Overfull \hbox (13.03323pt too wide) in paragraph at lines 3--4
\OT1/cmr/m/it/10 the
 []


Overfull \hbox (25.42758pt too wide) in paragraph at lines 3--4
\OT1/cmr/m/it/10 trans-
 []


Overfull \hbox (24.66096pt too wide) in paragraph at lines 3--4
\OT1/cmr/m/it/10 forms
 []


Overfull \hbox (15.84436pt too wide) in paragraph at lines 3--4
\OT1/cmr/m/it/10 and
 []


Overfull \hbox (13.03323pt too wide) in paragraph at lines 3--4
\OT1/cmr/m/it/10 the
 []


Overfull \hbox (12.26657pt too wide) in paragraph at lines 3--4
\OT1/cmr/m/it/10 se-
 []


Overfull \hbox (15.9721pt too wide) in paragraph at lines 3--4
\OT1/cmr/m/it/10 ries
 []


Overfull \hbox (27.08871pt too wide) in paragraph at lines 3--4
\OT1/cmr/m/it/10 means
 []


Overfull \hbox (15.84436pt too wide) in paragraph at lines 3--4
\OT1/cmr/m/it/10 and
 []


Overfull \hbox (20.18877pt too wide) in paragraph at lines 3--4
\OT1/cmr/m/it/10 what
 []


Overfull \hbox (6.38884pt too wide) in paragraph at lines 3--4
\OT1/cmr/m/it/10 it
 []


Overfull \hbox (18.39987pt too wide) in paragraph at lines 3--4
\OT1/cmr/m/it/10 does
 []


Overfull \hbox (8.43327pt too wide) in paragraph at lines 3--4
\OT1/cmr/m/it/10 to
 []


Overfull \hbox (22.23318pt too wide) in paragraph at lines 3--4
\OT1/cmr/m/it/10 func-
 []


Overfull \hbox (24.27763pt too wide) in paragraph at lines 3--4
\OT1/cmr/m/it/10 tions,
 []


Overfull \hbox (11.24437pt too wide) in paragraph at lines 3--4
\OT1/cmr/m/it/10 we
 []


Overfull \hbox (19.93323pt too wide) in paragraph at lines 3--4
\OT1/cmr/m/it/10 shall
 []


Overfull \hbox (27.08867pt too wide) in paragraph at lines 3--4
\OT1/cmr/m/it/10 specif-
 []


Overfull \hbox (6.6444pt too wide) in paragraph at lines 3--4
\OT1/cmr/m/it/10 i-
 []


Overfull \hbox (19.67763pt too wide) in paragraph at lines 3--4
\OT1/cmr/m/it/10 cally
 []


Overfull \hbox (18.39986pt too wide) in paragraph at lines 3--4
\OT1/cmr/m/it/10 con-
 []


Overfull \hbox (21.08319pt too wide) in paragraph at lines 3--4
\OT1/cmr/m/it/10 sider
 []


Overfull \hbox (13.03323pt too wide) in paragraph at lines 3--4
\OT1/cmr/m/it/10 the
 []


Overfull \hbox (22.23318pt too wide) in paragraph at lines 3--4
\OT1/cmr/m/it/10 func-
 []


Overfull \hbox (17.12212pt too wide) in paragraph at lines 3--4
\OT1/cmr/m/it/10 tion
 []


Overfull \hbox (27.91669pt too wide) in paragraph at lines 3--4
\OML/cmm/m/it/10 f\OT1/cmr/m/n/10 (\OML/cmm/m/it/10 t\OT1/cmr/m/n/10 ) =
 []


Overfull \hbox (17.20491pt too wide) in paragraph at lines 3--4
\OML/cmm/m/it/10 e[] \OMS/cmsy/m/n/10 
 []


Overfull \hbox (33.40001pt too wide) in paragraph at lines 3--4
[] []$\OT1/cmr/m/it/10 ,
 []


Overfull \hbox (9.19995pt too wide) in paragraph at lines 3--4
\OT1/cmr/m/it/10 as
 []


Overfull \hbox (15.58879pt too wide) in paragraph at lines 3--4
\OT1/cmr/m/it/10 this
 []


Overfull \hbox (22.23318pt too wide) in paragraph at lines 3--4
\OT1/cmr/m/it/10 func-
 []


Overfull \hbox (17.12212pt too wide) in paragraph at lines 3--4
\OT1/cmr/m/it/10 tion
 []


Overfull \hbox (18.39986pt too wide) in paragraph at lines 3--4
\OT1/cmr/m/it/10 con-
 []


Overfull \hbox (21.21098pt too wide) in paragraph at lines 3--4
\OT1/cmr/m/it/10 tains
 []


Overfull \hbox (17.6332pt too wide) in paragraph at lines 3--4
\OT1/cmr/m/it/10 both
 []


Overfull \hbox (10.73328pt too wide) in paragraph at lines 3--4
\OT1/cmr/m/it/10 an
 []


Overfull \hbox (12.81657pt too wide) in paragraph at lines 3--4
\OT1/cmr/m/it/10 ex-
 []


Overfull \hbox (13.28879pt too wide) in paragraph at lines 3--4
\OT1/cmr/m/it/10 po-
 []


Overfull \hbox (19.42209pt too wide) in paragraph at lines 3--4
\OT1/cmr/m/it/10 nen-
 []


Overfull \hbox (14.05547pt too wide) in paragraph at lines 3--4
\OT1/cmr/m/it/10 tial
 []


Overfull \hbox (20.9554pt too wide) in paragraph at lines 3--4
\OT1/cmr/m/it/10 com-
 []


Overfull \hbox (13.28879pt too wide) in paragraph at lines 3--4
\OT1/cmr/m/it/10 po-
 []


Overfull \hbox (19.16653pt too wide) in paragraph at lines 3--4
\OT1/cmr/m/it/10 nent
 []


Overfull \hbox (15.84436pt too wide) in paragraph at lines 3--4
\OT1/cmr/m/it/10 and
 []


Overfull \hbox (5.11108pt too wide) in paragraph at lines 3--4
\OT1/cmr/m/it/10 a
 []


Overfull \hbox (10.73326pt too wide) in paragraph at lines 3--4
\OT1/cmr/m/it/10 si-
 []


Overfull \hbox (14.56657pt too wide) in paragraph at lines 3--4
\OT1/cmr/m/it/10 nu-
 []


Overfull \hbox (25.04431pt too wide) in paragraph at lines 3--4
\OT1/cmr/m/it/10 soidal
 []


Overfull \hbox (20.9554pt too wide) in paragraph at lines 3--4
\OT1/cmr/m/it/10 com-
 []


Overfull \hbox (13.28879pt too wide) in paragraph at lines 3--4
\OT1/cmr/m/it/10 po-
 []


Overfull \hbox (22.23318pt too wide) in paragraph at lines 3--4
\OT1/cmr/m/it/10 nent. 
 []

! Undefined control sequence.
l.6 \section
            {\textit{The Laplace Transform}}
The control sequence at the end of the top line
of your error message was never \def'ed. If you have
misspelled it (e.g., `\hobx'), type `I' and the correct
spelling (e.g., `I\hbox'). Otherwise just continue,
and I'll forget about whatever was undefined.


! LaTeX Error: Missing \begin{document}.

See the LaTeX manual or LaTeX Companion for explanation.
Type  H <return>  for immediate help.
 ...                                              
                                                  
l.6 \section{\textit{The Laplace Transform}
                                           }
You're in trouble here.  Try typing  <return>  to proceed.
If that doesn't work, type  X <return>  to quit.


Overfull \hbox (36.86655pt too wide) in paragraph at lines 6--7
[]\OT1/cmr/m/it/10 The
 []


Overfull \hbox (32.33864pt too wide) in paragraph at lines 6--7
\OT1/cmr/m/it/10 Laplace
 []


Overfull \hbox (28.49423pt too wide) in paragraph at lines 6--7
\OT1/cmr/m/it/10 Trans-
 []


Overfull \hbox (21.33923pt too wide) in paragraph at lines 6--7
\OT1/cmr/m/it/10 form 
 []


! LaTeX Error: Missing \begin{document}.

See the LaTeX manual or LaTeX Companion for explanation.
Type  H <return>  for immediate help.
 ...                                              
                                                  
l.8 	\textit{}
              
You're in trouble here.  Try typing  <return>  to proceed.
If that doesn't work, type  X <return>  to quit.


Overfull \hbox (20.0pt too wide) in paragraph at lines 8--9
[] 
 []


! LaTeX Error: Environment figure undefined.

See the LaTeX manual or LaTeX Companion for explanation.
Type  H <return>  for immediate help.
 ...                                              
                                                  
l.10 		\begin{figure}
                     [H]
Your command was ignored.
Type  I <command> <return>  to replace it with another command,
or  <return>  to continue without it.


! LaTeX Error: Missing \begin{document}.

See the LaTeX manual or LaTeX Companion for explanation.
Type  H <return>  for immediate help.
 ...                                              
                                                  
l.10 		\begin{figure}[
                      H]
You're in trouble here.  Try typing  <return>  to proceed.
If that doesn't work, type  X <return>  to quit.

Missing character: There is no [ in font nullfont!
Missing character: There is no H in font nullfont!
Missing character: There is no ] in font nullfont!
! Undefined control sequence.
l.12 		\includegraphics
                       [width=15cm]{LapPictures/bk.png}
The control sequence at the end of the top line
of your error message was never \def'ed. If you have
misspelled it (e.g., `\hobx'), type `I' and the correct
spelling (e.g., `I\hbox'). Otherwise just continue,
and I'll forget about whatever was undefined.

Missing character: There is no [ in font nullfont!
Missing character: There is no w in font nullfont!
Missing character: There is no i in font nullfont!
Missing character: There is no d in font nullfont!
Missing character: There is no t in font nullfont!
Missing character: There is no h in font nullfont!
Missing character: There is no = in font nullfont!
Missing character: There is no 1 in font nullfont!
Missing character: There is no 5 in font nullfont!
Missing character: There is no c in font nullfont!
Missing character: There is no m in font nullfont!
Missing character: There is no ] in font nullfont!
Missing character: There is no L in font nullfont!
Missing character: There is no a in font nullfont!
Missing character: There is no p in font nullfont!
Missing character: There is no P in font nullfont!
Missing character: There is no i in font nullfont!
Missing character: There is no c in font nullfont!
Missing character: There is no t in font nullfont!
Missing character: There is no u in font nullfont!
Missing character: There is no r in font nullfont!
Missing character: There is no e in font nullfont!
Missing character: There is no s in font nullfont!
Missing character: There is no / in font nullfont!
Missing character: There is no b in font nullfont!
Missing character: There is no k in font nullfont!
Missing character: There is no . in font nullfont!
Missing character: There is no p in font nullfont!
Missing character: There is no n in font nullfont!
Missing character: There is no g in font nullfont!

! LaTeX Error: \caption outside float.

See the LaTeX manual or LaTeX Companion for explanation.
Type  H <return>  for immediate help.
 ...                                              
                                                  
l.13     	\caption
                  {\textit{The Laplace transform of $e^{-x}\cdot\sin\left(2x...

You're in trouble here.  Try typing  <return>  to proceed.
If that doesn't work, type  X <return>  to quit.


! LaTeX Error: \begin{document} ended by \end{figure}.

See the LaTeX manual or LaTeX Companion for explanation.
Type  H <return>  for immediate help.
 ...                                              
                                                  
l.14 		\end{figure}
                   
Your command was ignored.
Type  I <command> <return>  to replace it with another command,
or  <return>  to continue without it.


Overfull \hbox (20.0pt too wide) in paragraph at lines 10--15
[]
 []


Overfull \hbox (16.86655pt too wide) in paragraph at lines 10--15
\OT1/cmr/m/it/10 The
 []


Overfull \hbox (32.33864pt too wide) in paragraph at lines 10--15
\OT1/cmr/m/it/10 Laplace
 []


Overfull \hbox (25.42758pt too wide) in paragraph at lines 10--15
\OT1/cmr/m/it/10 trans-
 []


Overfull \hbox (20.5721pt too wide) in paragraph at lines 10--15
\OT1/cmr/m/it/10 form
 []


Overfull \hbox (8.17773pt too wide) in paragraph at lines 10--15
\OT1/cmr/m/it/10 of
 []


Overfull \hbox (18.7188pt too wide) in paragraph at lines 10--15
\OML/cmm/m/it/10 e[] \OMS/cmsy/m/n/10 
 []


Overfull \hbox (32.43752pt too wide) in paragraph at lines 10--15
[] []$
 []

! Undefined control sequence.
l.16 \section
             {\textit{The Fourier Transform}}
The control sequence at the end of the top line
of your error message was never \def'ed. If you have
misspelled it (e.g., `\hobx'), type `I' and the correct
spelling (e.g., `I\hbox'). Otherwise just continue,
and I'll forget about whatever was undefined.


! LaTeX Error: Missing \begin{document}.

See the LaTeX manual or LaTeX Companion for explanation.
Type  H <return>  for immediate help.
 ...                                              
                                                  
l.16 \section{\textit{The Fourier Transform}
                                            }
You're in trouble here.  Try typing  <return>  to proceed.
If that doesn't work, type  X <return>  to quit.


Overfull \hbox (36.86655pt too wide) in paragraph at lines 16--17
[]\OT1/cmr/m/it/10 The
 []


Overfull \hbox (32.33865pt too wide) in paragraph at lines 16--17
\OT1/cmr/m/it/10 Fourier
 []


Overfull \hbox (28.49423pt too wide) in paragraph at lines 16--17
\OT1/cmr/m/it/10 Trans-
 []


Overfull \hbox (21.33923pt too wide) in paragraph at lines 16--17
\OT1/cmr/m/it/10 form 
 []


! LaTeX Error: Missing \begin{document}.

See the LaTeX manual or LaTeX Companion for explanation.
Type  H <return>  for immediate help.
 ...                                              
                                                  
l.18 	\textit{}
               
You're in trouble here.  Try typing  <return>  to proceed.
If that doesn't work, type  X <return>  to quit.


Overfull \hbox (20.0pt too wide) in paragraph at lines 18--19
[] 
 []


! LaTeX Error: Environment figure undefined.

See the LaTeX manual or LaTeX Companion for explanation.
Type  H <return>  for immediate help.
 ...                                              
                                                  
l.20 		\begin{figure}
                     [H]
Your command was ignored.
Type  I <command> <return>  to replace it with another command,
or  <return>  to continue without it.


! LaTeX Error: Missing \begin{document}.

See the LaTeX manual or LaTeX Companion for explanation.
Type  H <return>  for immediate help.
 ...                                              
                                                  
l.20 		\begin{figure}[
                      H]
You're in trouble here.  Try typing  <return>  to proceed.
If that doesn't work, type  X <return>  to quit.

Missing character: There is no [ in font nullfont!
Missing character: There is no H in font nullfont!
Missing character: There is no ] in font nullfont!
! Undefined control sequence.
l.22 		\includegraphics
                       [width=15cm]{FouPictures/bk.png}
The control sequence at the end of the top line
of your error message was never \def'ed. If you have
misspelled it (e.g., `\hobx'), type `I' and the correct
spelling (e.g., `I\hbox'). Otherwise just continue,
and I'll forget about whatever was undefined.

Missing character: There is no [ in font nullfont!
Missing character: There is no w in font nullfont!
Missing character: There is no i in font nullfont!
Missing character: There is no d in font nullfont!
Missing character: There is no t in font nullfont!
Missing character: There is no h in font nullfont!
Missing character: There is no = in font nullfont!
Missing character: There is no 1 in font nullfont!
Missing character: There is no 5 in font nullfont!
Missing character: There is no c in font nullfont!
Missing character: There is no m in font nullfont!
Missing character: There is no ] in font nullfont!
Missing character: There is no F in font nullfont!
Missing character: There is no o in font nullfont!
Missing character: There is no u in font nullfont!
Missing character: There is no P in font nullfont!
Missing character: There is no i in font nullfont!
Missing character: There is no c in font nullfont!
Missing character: There is no t in font nullfont!
Missing character: There is no u in font nullfont!
Missing character: There is no r in font nullfont!
Missing character: There is no e in font nullfont!
Missing character: There is no s in font nullfont!
Missing character: There is no / in font nullfont!
Missing character: There is no b in font nullfont!
Missing character: There is no k in font nullfont!
Missing character: There is no . in font nullfont!
Missing character: There is no p in font nullfont!
Missing character: There is no n in font nullfont!
Missing character: There is no g in font nullfont!

! LaTeX Error: \caption outside float.

See the LaTeX manual or LaTeX Companion for explanation.
Type  H <return>  for immediate help.
 ...                                              
                                                  
l.23     	\caption
                  {\textit{The Fourier transform of $e^{-x}\cdot\sin\left(2x...

You're in trouble here.  Try typing  <return>  to proceed.
If that doesn't work, type  X <return>  to quit.


! LaTeX Error: \begin{document} ended by \end{figure}.

See the LaTeX manual or LaTeX Companion for explanation.
Type  H <return>  for immediate help.
 ...                                              
                                                  
l.24 		\end{figure}
                   
Your command was ignored.
Type  I <command> <return>  to replace it with another command,
or  <return>  to continue without it.


Overfull \hbox (20.0pt too wide) in paragraph at lines 20--25
[]
 []


Overfull \hbox (16.86655pt too wide) in paragraph at lines 20--25
\OT1/cmr/m/it/10 The
 []


Overfull \hbox (32.33865pt too wide) in paragraph at lines 20--25
\OT1/cmr/m/it/10 Fourier
 []


Overfull \hbox (25.42758pt too wide) in paragraph at lines 20--25
\OT1/cmr/m/it/10 trans-
 []


Overfull \hbox (20.5721pt too wide) in paragraph at lines 20--25
\OT1/cmr/m/it/10 form
 []


Overfull \hbox (8.17773pt too wide) in paragraph at lines 20--25
\OT1/cmr/m/it/10 of
 []


Overfull \hbox (18.7188pt too wide) in paragraph at lines 20--25
\OML/cmm/m/it/10 e[] \OMS/cmsy/m/n/10 
 []


Overfull \hbox (32.43752pt too wide) in paragraph at lines 20--25
[] []$
 []

! Undefined control sequence.
l.26 \section
             {\textit{The Fourier Series}}
The control sequence at the end of the top line
of your error message was never \def'ed. If you have
misspelled it (e.g., `\hobx'), type `I' and the correct
spelling (e.g., `I\hbox'). Otherwise just continue,
and I'll forget about whatever was undefined.


! LaTeX Error: Missing \begin{document}.

See the LaTeX manual or LaTeX Companion for explanation.
Type  H <return>  for immediate help.
 ...                                              
                                                  
l.26 \section{\textit{The Fourier Series}
                                         }
You're in trouble here.  Try typing  <return>  to proceed.
If that doesn't work, type  X <return>  to quit.


Overfull \hbox (36.86655pt too wide) in paragraph at lines 26--27
[]\OT1/cmr/m/it/10 The
 []


Overfull \hbox (32.33865pt too wide) in paragraph at lines 26--27
\OT1/cmr/m/it/10 Fourier
 []


Overfull \hbox (13.7999pt too wide) in paragraph at lines 26--27
\OT1/cmr/m/it/10 Se-
 []


Overfull \hbox (16.79292pt too wide) in paragraph at lines 26--27
\OT1/cmr/m/it/10 ries 
 []


! LaTeX Error: Missing \begin{document}.

See the LaTeX manual or LaTeX Companion for explanation.
Type  H <return>  for immediate help.
 ...                                              
                                                  
l.28 	\textit{}
               
You're in trouble here.  Try typing  <return>  to proceed.
If that doesn't work, type  X <return>  to quit.


Overfull \hbox (20.0pt too wide) in paragraph at lines 28--29
[] 
 []


! LaTeX Error: Environment figure undefined.

See the LaTeX manual or LaTeX Companion for explanation.
Type  H <return>  for immediate help.
 ...                                              
                                                  
l.30 		\begin{figure}
                     [H]
Your command was ignored.
Type  I <command> <return>  to replace it with another command,
or  <return>  to continue without it.


! LaTeX Error: Missing \begin{document}.

See the LaTeX manual or LaTeX Companion for explanation.
Type  H <return>  for immediate help.
 ...                                              
                                                  
l.30 		\begin{figure}[
                      H]
You're in trouble here.  Try typing  <return>  to proceed.
If that doesn't work, type  X <return>  to quit.

Missing character: There is no [ in font nullfont!
Missing character: There is no H in font nullfont!
Missing character: There is no ] in font nullfont!
! Undefined control sequence.
l.32 		\includegraphics
                       [width=15cm]{}
The control sequence at the end of the top line
of your error message was never \def'ed. If you have
misspelled it (e.g., `\hobx'), type `I' and the correct
spelling (e.g., `I\hbox'). Otherwise just continue,
and I'll forget about whatever was undefined.

Missing character: There is no [ in font nullfont!
Missing character: There is no w in font nullfont!
Missing character: There is no i in font nullfont!
Missing character: There is no d in font nullfont!
Missing character: There is no t in font nullfont!
Missing character: There is no h in font nullfont!
Missing character: There is no = in font nullfont!
Missing character: There is no 1 in font nullfont!
Missing character: There is no 5 in font nullfont!
Missing character: There is no c in font nullfont!
Missing character: There is no m in font nullfont!
Missing character: There is no ] in font nullfont!

! LaTeX Error: \caption outside float.

See the LaTeX manual or LaTeX Companion for explanation.
Type  H <return>  for immediate help.
 ...                                              
                                                  
l.33     	\caption
                  {\textit{}}
You're in trouble here.  Try typing  <return>  to proceed.
If that doesn't work, type  X <return>  to quit.


! LaTeX Error: \begin{document} ended by \end{figure}.

See the LaTeX manual or LaTeX Companion for explanation.
Type  H <return>  for immediate help.
 ...                                              
                                                  
l.34 		\end{figure}
                   
Your command was ignored.
Type  I <command> <return>  to replace it with another command,
or  <return>  to continue without it.


Overfull \hbox (20.0pt too wide) in paragraph at lines 30--35
[]
 []

)

! LaTeX Error: Missing \begin{document}.

See the LaTeX manual or LaTeX Companion for explanation.
Type  H <return>  for immediate help.
 ...                                              
                                                  
l.7 a
     
You're in trouble here.  Try typing  <return>  to proceed.
If that doesn't work, type  X <return>  to quit.

Missing character: There is no a in font nullfont!
)
! Emergency stop.
<*> ...sentation of the transforms and series.tex"
                                                  
*** (job aborted, no legal \end found)

 
Here is how much of TeX's memory you used:
 30 strings out of 478868
 1166 string characters out of 2865271
 293248 words of memory out of 3000000
 18045 multiletter control sequences out of 15000+600000
 403776 words of font info for 28 fonts, out of 8000000 for 9000
 1141 hyphenation exceptions out of 8191
 25i,2n,27p,437b,100s stack positions out of 5000i,500n,10000p,200000b,80000s
!  ==> Fatal error occurred, no output PDF file produced!
